[debug] [2018-05-25T21:45:19.932Z] ----------------------------------------------------------------------
[debug] [2018-05-25T21:45:19.933Z] Command:       /usr/local/bin/node /usr/local/bin/firebase deploy --only functions
[debug] [2018-05-25T21:45:19.933Z] CLI Version:   3.18.4
[debug] [2018-05-25T21:45:19.933Z] Platform:      darwin
[debug] [2018-05-25T21:45:19.933Z] Node Version:  v10.0.0
[debug] [2018-05-25T21:45:19.934Z] Time:          Fri May 25 2018 15:45:19 GMT-0600 (MDT)
[debug] [2018-05-25T21:45:19.934Z] ----------------------------------------------------------------------
[debug] 
[debug] [2018-05-25T21:45:19.942Z] > command requires scopes: ["email","openid","https://www.googleapis.com/auth/cloudplatformprojects.readonly","https://www.googleapis.com/auth/firebase","https://www.googleapis.com/auth/cloud-platform"]
[debug] [2018-05-25T21:45:19.942Z] > authorizing via signed-in user
[debug] [2018-05-25T21:45:19.944Z] >>> HTTP REQUEST GET https://admin.firebase.com/v1/projects/journeyapp91  
  
 Fri May 25 2018 15:45:19 GMT-0600 (MDT)
[debug] [2018-05-25T21:45:23.402Z] <<< HTTP RESPONSE 200
[debug] [2018-05-25T21:45:23.403Z] >>> HTTP REQUEST GET https://admin.firebase.com/v1/database/journeyapp91/tokens  
  
 Fri May 25 2018 15:45:23 GMT-0600 (MDT)
[debug] [2018-05-25T21:45:24.476Z] <<< HTTP RESPONSE 200
[info] 
[info] === Deploying to 'journeyapp91'...
[info] 
[info] i  deploying functions
[debug] [2018-05-25T21:45:32.911Z] > [functions] package.json contents: {
  "name": "functions",
  "description": "Cloud Functions for Firebase",
  "scripts": {
    "serve": "firebase serve --only functions",
    "shell": "firebase experimental:functions:shell",
    "start": "npm run shell",
    "deploy": "firebase deploy --only functions",
    "logs": "firebase functions:log"
  },
  "dependencies": {
    "@google-cloud/storage": "^1.6.0",
    "b": "^2.0.1",
    "body-parser": "^1.18.2",
    "child-process-promise": "^2.2.1",
    "cors": "^2.8.4",
    "express": "^4.16.2",
    "express-graphql": "^0.6.11",
    "ffmpeg-static": "^2.3.0",
    "firebase-admin": "^5.12.0",
    "firebase-functions": "^1.0.2",
    "fluent-ffmpeg": "^2.1.2",
    "google-cloud": "^0.57.0",
    "graphql": "^0.11.7",
    "opentok": "^2.6.0",
    "stripe": "^6.0.0"
  },
  "private": true
}
[info] i  functions: ensuring necessary APIs are enabled...
[debug] [2018-05-25T21:45:32.911Z] >>> HTTP REQUEST GET https://servicemanagement.googleapis.com/v1/services/cloudfunctions.googleapis.com/projectSettings/journeyapp91?view=CONSUMER_VIEW  
  
 Fri May 25 2018 15:45:32 GMT-0600 (MDT)
[debug] [2018-05-25T21:45:32.912Z] >>> HTTP REQUEST GET https://servicemanagement.googleapis.com/v1/services/runtimeconfig.googleapis.com/projectSettings/journeyapp91?view=CONSUMER_VIEW  
  
 Fri May 25 2018 15:45:32 GMT-0600 (MDT)
[debug] [2018-05-25T21:45:34.460Z] <<< HTTP RESPONSE 200
[debug] [2018-05-25T21:45:35.069Z] <<< HTTP RESPONSE 200
[info] ✔  functions: all necessary APIs are enabled
[debug] [2018-05-25T21:45:35.071Z] >>> HTTP REQUEST GET https://cloudresourcemanager.googleapis.com/v1/projects/journeyapp91  
  
 Fri May 25 2018 15:45:35 GMT-0600 (MDT)
[debug] [2018-05-25T21:45:35.888Z] <<< HTTP RESPONSE 200
[debug] [2018-05-25T21:45:35.888Z] >>> HTTP REQUEST GET https://mobilesdk-pa.googleapis.com/v1/projects/515548202082:getServerAppConfig  
  
 Fri May 25 2018 15:45:35 GMT-0600 (MDT)
[debug] [2018-05-25T21:45:36.555Z] <<< HTTP RESPONSE 200
[info] i  functions: preparing functions directory for uploading...
[debug] [2018-05-25T21:45:36.557Z] >>> HTTP REQUEST GET https://runtimeconfig.googleapis.com/v1beta1/projects/journeyapp91/configs  
  
 Fri May 25 2018 15:45:36 GMT-0600 (MDT)
[debug] [2018-05-25T21:45:37.321Z] <<< HTTP RESPONSE 200
[debug] [2018-05-25T21:45:37.324Z] >>> HTTP REQUEST GET https://runtimeconfig.googleapis.com/v1beta1/projects/journeyapp91/configs/tokbox/variables  
  
 Fri May 25 2018 15:45:37 GMT-0600 (MDT)
[debug] [2018-05-25T21:45:37.325Z] >>> HTTP REQUEST GET https://runtimeconfig.googleapis.com/v1beta1/projects/journeyapp91/configs/stripe/variables  
  
 Fri May 25 2018 15:45:37 GMT-0600 (MDT)
[debug] [2018-05-25T21:45:37.759Z] <<< HTTP RESPONSE 200
[debug] [2018-05-25T21:45:37.760Z] >>> HTTP REQUEST GET https://runtimeconfig.googleapis.com/v1beta1/projects/journeyapp91/configs/tokbox/variables/tokbox_secret  
  
 Fri May 25 2018 15:45:37 GMT-0600 (MDT)
[debug] [2018-05-25T21:45:37.760Z] >>> HTTP REQUEST GET https://runtimeconfig.googleapis.com/v1beta1/projects/journeyapp91/configs/tokbox/variables/api_key  
  
 Fri May 25 2018 15:45:37 GMT-0600 (MDT)
[debug] [2018-05-25T21:45:37.761Z] >>> HTTP REQUEST GET https://runtimeconfig.googleapis.com/v1beta1/projects/journeyapp91/configs/tokbox/variables/tokbox_api_key  
  
 Fri May 25 2018 15:45:37 GMT-0600 (MDT)
[debug] [2018-05-25T21:45:37.839Z] <<< HTTP RESPONSE 200
[debug] [2018-05-25T21:45:37.840Z] >>> HTTP REQUEST GET https://runtimeconfig.googleapis.com/v1beta1/projects/journeyapp91/configs/stripe/variables/token  
  
 Fri May 25 2018 15:45:37 GMT-0600 (MDT)
[debug] [2018-05-25T21:45:38.099Z] <<< HTTP RESPONSE 200
[debug] [2018-05-25T21:45:38.101Z] <<< HTTP RESPONSE 200
[debug] [2018-05-25T21:45:38.102Z] <<< HTTP RESPONSE 200
[debug] [2018-05-25T21:45:38.346Z] <<< HTTP RESPONSE 200
[info] i  functions: packaged functions (76.77 KB) for uploading
[debug] [2018-05-25T21:45:39.574Z] >>> HTTP REQUEST POST https://cloudfunctions.googleapis.com/v1/projects/journeyapp91/locations/us-central1/functions:generateUploadUrl  
  
 Fri May 25 2018 15:45:39 GMT-0600 (MDT)
